name:kind:address:medical:dent:ori:vet:medicine:total:formatted_address:lat:lng
대전고등학교:자율고등학교:대전광역시 중구 대흥동:0:0:0:0:0:0:"110 Daeheung-ro, Jung-gu, Daejeon, South Korea":36.3220349:127.4240267
상산고등학교:자율고등학교:전라북도 전주시 완산구 효자동1가1:26:27:23:8:422:26:"130 Geomapyeong-ro, Wansan-gu, Jeonju, Jeollabuk-do, South Korea":35.8044177:127.1186993
휘문고등학교:자율고등학교:서울특별시 강남구 대치동1:51:15:21:5:332:25:"541 Yeoksam-ro, Gangnam-gu, Seoul, South Korea":37.504951:127.0620662
강서고등학교:일반고등학교:서울특별시 양천구 목동:72:11:15:3:181:19:"27 Mokdongjungangnam-ro, Yangcheon-gu, Seoul, South Korea":37.5364895:126.8663661
경신고등학교:일반고등학교:대구광역시 수성구 범어동:73:10:6:5:161:10:"74 Hyehwa-ro, Jongno-gu, Seoul, South Korea":37.5921987:127.0002166
숙명여자고등학교:일반고등학교:서울특별시 강남구 도곡동:45:7:6:1:421:01:"2807 Nambusunhwan-ro, Gangnam-gu, Seoul, South Korea":37.4907295:127.0533366
세화고등학교:자율고등학교:서울특별시 서초구 반포동:96:0:0:0:0:96:"56-7 Sinbanpo-ro, Seocho-gu, Seoul, South Korea":37.5021638:126.9932495
중동고등학교:자율고등학교:서울특별시 강남구 일원동:65:6:9:0:15:95:"7 Irwon-ro, Gangnam-gu, Seoul, South Korea":37.4933789:127.0800728
낙생고등학교:일반고등학교:경기도 성남시 분당구 판교동:48:9:13:2:21:93:"477 Daewangpangyo-ro, Bundang-gu, Seongnam-si, Gyeonggi-do, South Korea":37.3870312:127.1009071
현대청운고등학교:자율고등학교:울산광역시 동구 서부동:53:9:3:0:18:83:"1077 Bangeojinsunhwan-doro, Dong-gu, Ulsan, South Korea":35.536625:129.4282937
포항제철고등학교:자율고등학교:경상북도 포항시 남구 지곡동:48:3:4:1:18:74:"40 Jigok-ro 212beon-gil, Nam-gu, Pohang, Gyeongsangbuk-do, South Korea":36.02900229999999:129.3280163
단국대학교사범대학부속고등학교:일반고등학교:서울특별시 강남구 대치동:52:3:4:5:10:74:"21 Dogok-ro 64-gil, Daechi 1(il)-dong, Gangnam-gu, Seoul, South Korea":37.4956302:127.0566864
화성고등학교:일반고등학교:경기도 화성시 향남읍 장짐리:37:3:15:1:14:70:"4 Jangjim-gil, Hyangnam-eup, Hwaseong-si, Gyeonggi-do, South Korea":37.1390177:126.906657
대륜고등학교:일반고등학교:대구광역시 수성구 만촌동:40:5:3:0:13:61:"2700 Dalgubeol-daero, Suseong-gu, Daegu, South Korea":35.8522319:128.6559927
한일고등학교:일반고등학교:충청남도 공주시 정안면 광정리:34:6:6:4:11:61:"81 eomul-gil, Jeongan-myeon, Gongju, Chungcheongnam-do, South Korea":36.6045324:127.1304108
해운대고등학교:자율고등학교:부산광역시 해운대구 우동:41:5:0:2:13:61:"43 Udong 3-ro 11beon-gil, Haeundae, Busan, South Korea":35.1715293:129.1624392
진선여자고등학교:일반고등학교:서울특별시 강남구 역삼동:38:3:3:1:14:59:"27 Seolleung-ro 85-gil, Gangnam-gu, Seoul, South Korea":37.501754:127.0476387
양정고등학교:자율고등학교:서울특별시 양천구 목동:22:8:4:2:20:56:"1039 Annyangcheon-ro, Yangcheon-gu, Seoul, South Korea":37.5347501:126.8871706
능인고등학교:일반고등학교:대구광역시 수성구 지산동:34:5:6:0:8:53:"207 Muhak -ro, Suseong-gu, Daegu, South Korea":35.8317908:128.6324892
목동고등학교:일반고등학교:서울특별시 양천구 신정동:22:7:4:4:15:52:"68 Mokdongdong-ro 2-gil, Yangcheon-gu, Seoul, South Korea":37.5089842:126.8607326
공주대학교사범대학부설고등학교:일반고등학교:충청남도 공주시 반죽동:14:6:10:0:17:47:"75 Bonghwang-ro, Gongju, Chungcheongnam-do, South Korea":36.4526452:127.1196725
상문고등학교:일반고등학교:서울특별시 서초구 방배동:24:2:7:1:10:44:"45 Myeongdal-ro, Seocho-gu, Seoul, South Korea":37.4794364:127.0048375
충남고등학교:자율형공립고:대전광역시 서구 둔산동:31:4:4:0:4:43:"171 Munjeong-ro, Seo-gu, Daejeon, South Korea":36.3500199:127.3943901
김천고등학교:자율고등학교:경상북도 김천시 부곡동:18:4:8:1:10:41:"90 Songseol-ro, Gimcheon, Gyeongsangbuk-do, South Korea":36.1223965:128.0928192
잠실여자고등학교:일반고등학교:서울특별시 송파구 송파동:19:4:3:0:15:41:"8 Songpa-daero 38-gil, Songpa 2(i)-dong, Songpa-gu, Seoul, South Korea":37.5022547:127.113014
반포고등학교:일반고등학교:서울특별시 서초구 반포동:20:5:2:2:10:39:"71 Gomurae-ro, Seocho-gu, Seoul, South Korea":37.5021267:127.0162454
대구여자고등학교:일반고:대구광역시 수성구 범어동:26:4:2:0:6:38:"17 Dalgubeol-daero 488-gil, Suseong-gu, Daegu, South Korea":35.8562356:128.630221
진명여자고등학교:일반고등학교:서울특별시 양천구 목동:12:2:7:0:16:37:"170 Mokdong-ro, Yangcheon-gu, Seoul, South Korea":37.5238817:126.866341
정화여자고등학교:일반고등학교:대구광역시 수성구 범어동:24:1:1:0:11:37:"123 Cheongho-ro 84-gil, Suseong-gu, Daegu, South Korea":35.8502489:128.6411603
대전대성고등학교:자율고등학교:대전광역시 중구 목동:16:5:7:0:9:37:"23 Mokdong-ro, Jung-gu, Daejeon, South Korea":36.3325444:127.4074351
세화여자고등학교:자율고등학교:서울특별시 서초구 반포동:15:3:3:0:15:36:"56-7 Sinbanpo-ro, Seocho-gu, Seoul, South Korea":37.5021638:126.9932495
신성고등학교:일반고등학교:경기도 안양시 만안구 안양동:20:5:3:2:5:35:"산110 Anyang 6(yuk)-dong, Manan-gu, Anyang, Gyeonggi-do, South Korea":37.3841671:126.9188138
순천매산고등학교:일반고등학교:전라남도 순천시 매곡동:21:3:3:5:3:35:"58 Yeongdong-gil, Suncheon, Jeollanam-do, South Korea":34.9580121:127.480429
한가람고등학교:자율고등학교:서울특별시 양천구 목동 :13:0:5:3:13:34:"15 Mokdongseo-ro, Yangcheon-gu, Seoul, South Korea":37.5376281:126.8841248
배재고등학교:자율고등학교:서울특별시 강동구 고덕동:21:5:4:1:2:33:"227 Godeok-ro, Gangdong-gu, Seoul, South Korea":37.55581230000001:127.1504916
보인고등학교:자율고등학교:서울특별시 송파구 오금동:18:5:1:0:6:30:"18 Ogeum-ro 49-gil, Songpa-gu, Seoul, South Korea":37.497266:127.1388757
하나고등학교:자율고등학교:서울특별시 은평구 진관동:13:3:2:1:11:30:"535 Yeonseo-ro, Jingwan-dong, Eunpyeong-gu, Seoul, South Korea":37.6409443:126.9367183
양서고등학교:일반고등학교:경기도 양평군 양서면 용담리:14:4:3:0:8:29:"31-12 Sangchon-gil, Yangseo-myeon, Yangpyeong, Gyeonggi-do, South Korea":37.5475768:127.3280884
북일고등학교:자율고등학교:충청남도 천안시 동남구 신부동:17:3:0:3:6:29:"69 Dan-daero, Dongnam-gu, Cheonan, Chungcheongnam-do, South Korea":36.8318652:127.1581744
선덕고등학교:자율고등학교:서울특별시 도봉구 쌍문동:20:2:2:4:1:29:"53 Sirubong-ro, Dobong-gu, Seoul, South Korea":37.6544953:127.026558
경북고등학교:일반고등학교:대구광역시 수성구 황금동:25:0:0:0:3:28:"300 Cheongho-ro, Suseong-gu, Daegu, South Korea":35.8444499:128.6406387
인천포스코고등학교:자율고등학교:인천광역시 연수구 송도동:14:1:0:1:12:28:"50 Convensia-daero 42beon-gil, Songdo 2(i)-dong, Yeonsu-gu, Incheon, South Korea":37.4013085:126.648955
운정고등학교:자율고등학교:경기도 파주시 목동동:9:3:1:2:13:28:"267 Waseoksunhwan-ro, Paju-si, Gyeonggi-do, South Korea":37.7218041:126.7364413
대건고등학교:자율형사립고:대구광역시 달서구 월성동:14:2:6:0:6:28:"46 Wolgok-ro 94-gil, Bon-dong, Dalseo-gu, Daegu, South Korea":35.8337192:128.5293394
일산대진고등학교:일반고등학교:경기도 고양시일산서구 대화동	:16:3:0:0:6:25:"246 Daesan-ro, Ilsanseo-gu, Goyang-si, Gyeonggi-do, South Korea":37.6806803:126.7517335
덕문여자고등학교:일반고:부산광역시 수영구 광안동:18:1:0:0:5:24:"114 Yeonsu-ro 310(sambaeksip)beon-, Suyeong-gu, Busan, South Korea":35.1674189:129.1040251
영남고등학교:일반고:대구광역시 달서구 상인동:13:0:2:2:7:24:"300 Wolgok-ro, Sangin 1(il)-dong, Dalseo-gu, Daegu, South Korea":35.8210331:128.5373591
분당중앙고등학교:일반고등학교:경기도 성남시 분당구 정자동:15:1:0:0:7:23:"174 Buljeong-ro, Bundang-gu, Seongnam-si, Gyeonggi-do, South Korea":37.3605683:127.1243312
서대전고등학교:일반고등학교:대전광역시 서구 월평동:15:1:2:1:3:22:"60 Wolpyeongdong-ro, Seo-gu, Daejeon, South Korea":36.3604929:127.3692303
대구혜화여자고등학교:일반고등학교:대구광역시 수성구 만촌동:9:3:1:2:7:22:"62 Gyohak-ro 12-gil, Suseong-gu, Daegu, South Korea":35.8501897:128.6484898
문성고등학교:일반고등학교:광주광역시 남구 봉선동:17:3:1:0:1:22:"73 Jeseok-ro, Nam-gu, Kwangju, South Korea":35.1202888:126.9050807
청원고등학교:일반고등학교:서울특별시 노원구 상계동:9:4:3:1:4:21:"9 Guryong 5-gil, Ochang-eup, 청원구 Cheongju, Chungcheongbuk-do, South Korea":36.7137853:127.4148121
동인고등학교:일반고등학교:부산광역시 동래구 사직동:10:2:3:0:6:21:"34 Soemi-ro 31beon-gil, Dongnae-gu, Busan, South Korea":35.1976075:129.0502267
조선대학교부속고등학교:일반고등학교:광주광역시 동구 학동:9:3:1:2:5:20:"33 Uijae-ro 33beon-gil, Dong-gu, Kwangju, South Korea":35.1353205:126.9307421
정신여자고등학교:일반고등학교:서울특별시 송파구 잠실동:9:0:2:1:7:19:"16 Olympic-ro 4-gil, Songpa-gu, Seoul, South Korea":37.5087102:127.0718787
광주숭일고등학교:일반고등학교:광주광역시 북구 일곡동:13:4:0:1:1:19:"46-24 Ilgok-dong, Buk-gu, Kwangju, South Korea":35.2180947:126.8964844
남성고등학교:자율형사립고:전라북도 익산시 신동:10:1:3:0:5:19:"41 Dongseo-ro 35-gil, Sin-dong, Iksan, Jeollabuk-do, South Korea":35.9568448:126.9662987
설월여자고등학교:일반고등학교:광주광역시 남구 방림동:10:8:1:0:0:19:"30 Bangnim-dong, Nam-gu, Kwangju, South Korea":35.12580070000001:126.9277892
전주한일고등학교:일반고등학교:전라북도 전주시 완산구 서신동:16:1:1:0:1:19:"442 Baekje-daero, Seosin-dong, Wansan-gu, Jeonju, Jeollabuk-do, South Korea":35.83198350000001:127.1237431
이리고등학교:일반고등학교:전라북도 익산시 남중동:13:2:0:0:3:18:"35 Iksan-daero 36-gil, Iksan, Jeollabuk-do, South Korea":35.9492011:126.9558709
서울삼육고등학교:일반고등학교:경기도 구리시 교문동:9:1:1:2:5:18:"70 Achasan-ro 487beon-gil, Guri-si, Gyeonggi-do, South Korea":37.5964298:127.1252645
한영고등학교:일반고등학교:서울특별시 강동구 상일동:14:0:0:0:4:18:"832 Dongnam-ro, Gangdong-gu, Seoul, South Korea":37.5488717:127.1582951
거창대성고등학교:일반고등학교:경상남도 거창군 거창읍 상림리:18:0:0:0:0:18:"South Korea, Gyeongsangnam-do, Geochang, Geochang-eup, Geoyeol-ro, 81 KR":35.6900924:127.9029272
보성고등학교:일반고등학교:서울특별시 송파구 방이동:7:1:7:2:0:17:"1278 Yangjae-daero, Songpa-gu, Seoul, South Korea":37.5193212:127.1352055
계성고등학교:자율고등학교:대구광역시 서구 상리동:7:2:5:0:3:17:"171 Saebang-ro, Sangni-dong, Seo-gu, Daegu, South Korea":35.8710829:128.5287288
군포고등학교:일반고등학교:경기도 군포시 금정동 :13:4:0:0:0:17:"118 Ogeum-ro, Gunpo-si, Gyeonggi-do, South Korea":37.3576504:126.9405155
능주고등학교:일반고등학교:전라남도 화순군 능주면:11:0:2:0:4:17:"Neungju-myeon, Hwasun-gun, Jeollanam-do, South Korea":34.9898628:126.9579661
경구고등학교:일반고등학교:경상북도 구미시 봉곡동:10:2:2:0:2:16:"South Korea, Gyeongsangbuk-do, Gumi, 봉곡동 봉곡로9길 25 KR":36.1480294:128.3079366
백암고등학교:일반고등학교:서울특별시 양천구 신정동:8:2:1:1:4:16:"16 Sinjeong-ro 13-gil, Sinjeong-dong, Yangcheon-gu, Seoul, South Korea":37.5119279:126.8448213
영흥고등학교:일반고등학교:전라남도 목포시 상동:8:3:0:1:4:16:"55 Sang-dong, Mokpo-si, Jeollanam-do, South Korea":34.8052192:126.4167621
신일고등학교:자율고등학교:서울특별시 강북구 미아동:12:1:0:0:3:16:"20 Solmae-ro 49-gil, Gangbuk-gu, Seoul, South Korea":37.6282824:127.0282661
영동일고등학교:일반고등학교:서울특별시 송파구 잠실동:12:0:2:0:2:16:"93 Seokchonhosu-ro, Jamsil 3(sam)-dong, Songpa-gu, Seoul, South Korea":37.5100795:127.0895484
이화여자고등학교:자율고등학교:서울특별시 중구 정동:7:3:0:1:5:16:"26 Jeongdong-gil, Jung-gu, Seoul, South Korea":37.5657014:126.9712202
전주기전여자고등학교:일반고등학교:전라북도 전주시 완산구 효자동3가:11:1:1:0:3:16:"133 Yuyeon-ro, Wansan-gu, Jeonju, Jeollabuk-do, South Korea":35.82702500000001:127.099811
잠신고등학교:일반고등학교:서울특별시 송파구 잠실동:10:0:0:0:6:16:"24 Jamsil-ro, Songpa-gu, Seoul, South Korea":37.5151526:127.0893428
대진여자고등학교:일반고등학교:서울특별시 노원구 중계동:8:0:3:2:2:15:"438 Gongneung-ro, Nowon-gu, Seoul, South Korea":37.646157:127.0671138
고려고등학교:일반고등학교:광주광역시 북구 삼각동:8:1:2:1:3:15:"369 Seoljuk-ro, Samgak-dong, Buk-gu, Kwangju, South Korea":35.1935611:126.8967004
포항중앙여자고등학교:일반고등학교:경상북도 포항시 북구 우현동:7:2:1:1:4:15:"7 Sotijae-ro 151beon-gil, Buk-gu, Pohang, Gyeongsangbuk-do, South Korea":36.0641491:129.3475632
거창고등학교:일반고등학교:경상남도 거창군 거창읍 중앙리:7:1:2:0:5:15:"36 Jukjeon 4-gil, Geochang-eup, Geochang, Gyeongsangnam-do, South Korea":35.6922291:127.9109831
숭덕고등학교:일반고등학교:광주광역시 광산구 월계동:7:2:0:0:6:15:"117-8 Wolgye-dong, Gwangsan-gu, Kwangju, South Korea":35.2144275:126.8392121
혜화여자고등학교:일반고등학교:부산광역시 동래구 명장동:9:0:0:1:4:14:"23 Myeongjang-ro 99beon-gil, Dongnae-gu, Busan, South Korea":35.2031635:129.1114431
전북여자고등학교:일반고등학교:전라북도 전주시 덕진구 고랑동:7:4:0:0:3:14:"721-1 Gorang-dong, Deokjin-gu, Jeonju, Jeollabuk-do, South Korea":35.8733251:127.0850052
목포마리아회고등학교:일반고등학교:전라남도 목포시 용당동:10:3:1:0:0:14:"229 Yangeul-ro, Yonghae-dong, Mokpo-si, Jeollanam-do, South Korea":34.8126827:126.3953757
학성고등학교:일반고등학교:울산광역시 남구 신정동:10:3:1:0:0:14:"436 Munsu-ro, Nam-gu, Ulsan, South Korea":35.5312509:129.3002988
살레시오고등학교:일반고등학교:광주광역시 북구 일곡동:8:2:1:0:3:14:"482 Ilgok-dong, Buk-gu, Kwangju, South Korea":35.216567:126.8919015
전일고등학교:일반고등학교:전라북도 전주시 완산구 효자동2가:10:3:0:0:1:14:"249 Ujeon-ro, Hyojadong 3(sam)-ga, Wansan-gu, Jeonju, Jeollabuk-do, South Korea":35.8156925:127.0997562
서울고등학교:일반고등학교:서울특별시 서초구 서초동:10:1:2:0:0:13:"197 Hyoryeong-ro, Seocho-gu, Seoul, South Korea":37.4842697:127.005399
서강고등학교:일반고등학교:광주광역시 북구 운암동:9:1:1:0:2:13:"1 Seogang-ro, Unam 1(il)-dong, Buk-gu, Gwangju, South Korea":35.1749236:126.8694355
영동고등학교:일반고등학교:서울특별시 강남구 청담동:11:1:1:0:0:13:"742 Seolleung-ro, Gangnam-gu, Seoul, South Korea":37.5205869:127.0426288
환일고등학교:일반고등학교:서울특별시 중구 만리동2가:12:0:0:0:1:13:"47 Hwanil-gil, Jung-gu, Seoul, South Korea":37.5538139:126.9621659
군산중앙고등학교:자율고등학교:전라북도 군산시 성산면 도암리:8:0:4:1:0:13:"13 Gunjangdae-gil, Seongsan-myeon, Gunsan, Jeollabuk-do, South Korea":36.0017432:126.7851151
분당영덕여자고등학교:일반고등학교:경기도 성남시 분당구 야탑동:10:1:1:0:1:13:"592번길 13 Pangyo-ro, Bundang-gu, Seongnam-si, Gyeonggi-do, South Korea":37.40503:127.13882
이매고등학교:일반고등학교:경기도 성남시 분당구 이매동:7:0:0:1:4:12:"1 Tancheon-ro, Bundang-gu, Seongnam-si, Gyeonggi-do, South Korea":37.3926922:127.1222477
선정고등학교:일반고등학교:서울특별시 은평구 갈현동 :9:1:0:0:2:12:null:null:null
광주인성고등학교:일반고등학교:광주광역시 남구 송하동:8:1:0:0:3:12:"390 Seomun-daero, Nam-gu, Gwangju, South Korea":35.1024693:126.8812665
호남제일고등학교:일반고등학교:전라북도 전주시 완산구 효자동3가:8:2:1:0:1:12:"53 Seowon-ro, Hyoja 4(sa)-dong, Wansan-gu, Jeonju, Jeollabuk-do, South Korea":35.8144441:127.0998548
전주중앙여자고등학교:일반고등학교:전라북도 전주시 덕진구 우아동1가:8:2:0:1:1:12:"25 Seokso-ro, Deokjin-gu, Jeonju, Jeollabuk-do, South Korea":35.8282417:127.1685039
보문고등학교:일반고등학교:대전광역시 동구 삼성동:7:1:2:0:1:11:"57 Uam-ro, Dong-gu, Daejeon, South Korea":36.3368587:127.4235438
제주제일고등학교:일반고등학교:제주특별자치도 제주시 노형동:7:1:0:0:3:11:"22 Jingun-gil, Cheju, Jeju-do, South Korea":33.4799494:126.4797053
대전둔산여자고등학교:일반고등학교:대전광역시 서구 갈마동:11:0:0:0:0:11:"33 Galmayeok-ro, Seo-gu, Daejeon, South Korea":36.3530976:127.3732385
대구상원고등학교:일반고등학교:대구광역시 달서구 상인동:8:0:3:0:0:11:"241 Wolbae-ro, Dalseo-gu, Daegu, South Korea":35.8220594:128.5382381
광주동성고등학교:일반고등학교:광주광역시 남구 진월동:8:1:2:0:0:11:"20 Seomun-daero 627beon-gil, Jinwol-dong, Nam-gu, Gwangju, South Korea":35.1156067:126.896284
유신고등학교:일반고등학교:경기도 수원시 팔달구 우만동:8:1:0:0:2:11:"South Korea, 경기도 수원시 팔달구 월드컵로 216":37.282043:127.041832
달성고등학교:자율고등학교:대구광역시 서구 내당동:7:1:0:0:3:11:"1725 Dalgubeol-daero, Seo-gu, Daegu, South Korea":35.8584184:128.554578
동래여자고등학교:일반고등학교:부산광역시 금정구 구서동:7:0:0:0:3:10:"20 Cheyukgongwon-ro, Geumjeong-gu, Busan, South Korea":35.2463332:129.0963369
다사고등학교:일반고등학교:대구광역시 달성군 다사읍 죽곡리:10:0:0:0:0:10:"839 Dalgubeol-daero, Dasa-eup, Dalseong-gun, Daegu, South Korea":35.8617956:128.4626802
브니엘고등학교:일반고등학교:부산광역시 금정구 구서동:7:0:0:2:0:9:"154 Cheyukgongwon-ro, Geumjeong-gu, Busan, South Korea":35.2547262:129.1035067
광덕고등학교:일반고등학교:광주광역시 서구 화정동:7:0:1:1:0:9:"202 Hwajeong-ro, Seo-gu, Kwangju, South Korea":35.1443643:126.8791063
센텀고등학교:일반고등학교:부산광역시 해운대구 재송동:7:0:0:0:2:9:"246 Haeun-daero, Haeundae, Busan, South Korea":35.1769671:129.1274161
경희고등학교:자율고등학교:서울특별시 동대문구 회기동:7:0:0:0:0:7:"26 Kyungheedae-ro, Dongdaemun-gu, Seoul, South Korea":37.5945328:127.0548501
대전고등학교:자율고등학교:대전광역시 중구 대흥동:0:0:0:0:0:0:"110 Daeheung-ro, Jung-gu, Daejeon, South Korea":36.3220349:127.4240267
